<?xml version="1.0" encoding="UTF-8"?>
<!-- Generated by org.testng.reporters.JUnitReportReporter -->
<testsuite hostname="DESKTOP-A91QGQ6" failures="0" tests="1" name="Oct4.Using_PropertyFile" time="6.230" errors="0" timestamp="2024-10-14T15:12:35 IST" skipped="0">
  <testcase classname="Oct4.Using_PropertyFile" name="adminLogin" time="6.230"/>
  <system-out>
    <![CDATA[Valid Credentails::dashboard       http://orangehrm.qedgetech.com/symfony/web/index.php/dashboard]]>
  </system-out>
</testsuite> <!-- Oct4.Using_PropertyFile -->
