<?xml version="1.0" encoding="UTF-8"?>
<!-- Generated by org.testng.reporters.JUnitReportReporter -->
<testsuite hostname="DESKTOP-A91QGQ6" failures="0" tests="5" name="Oct4.LoginValidation" time="38.517" errors="0" timestamp="2024-10-14T15:23:59 IST" skipped="0">
  <testcase classname="Oct4.LoginValidation" name="adminLogin" time="5.169"/>
  <system-out>
    <![CDATA[Username cannot be empty     dashboard        http://orangehrm.qedgetech.com/symfony/web/index.php/auth/login]]>
  </system-out>
  <testcase classname="Oct4.LoginValidation" name="adminLogin" time="5.022"/>
  <system-out>
    <![CDATA[Password cannot be empty     dashboard        http://orangehrm.qedgetech.com/symfony/web/index.php/auth/login]]>
  </system-out>
  <testcase classname="Oct4.LoginValidation" name="adminLogin" time="5.735"/>
  <system-out>
    <![CDATA[Valid Credentails::dashboard       http://orangehrm.qedgetech.com/symfony/web/index.php/dashboard]]>
  </system-out>
  <testcase classname="Oct4.LoginValidation" name="adminLogin" time="17.909"/>
  <system-out>
    <![CDATA[Valid Credentails::dashboard       http://orangehrm.qedgetech.com/symfony/web/index.php/dashboard]]>
  </system-out>
  <testcase classname="Oct4.LoginValidation" name="adminLogin" time="4.682"/>
  <system-out>
    <![CDATA[Invalid credentials     dashboard        http://orangehrm.qedgetech.com/symfony/web/index.php/auth/validateCredentials]]>
  </system-out>
</testsuite> <!-- Oct4.LoginValidation -->
